<?xml version="1.0" encoding="UTF-8"?>
<!-- Generated by org.testng.reporters.JUnitXMLReporter -->
<testsuite hostname="DESKTOP-HGAM43C" ignored="0" name="TCM" tests="1" failures="0" timestamp="30 Jan 2018 17:44:44 GMT" time="0.939" errors="0">
  <testcase name="@BeforeTest launchBrowser" time="0.728" classname="com.trushna.EdurekaProject.pages.CommonBrowser">
    <failure type="java.lang.NoClassDefFoundError" message="org/w3c/dom/ElementTraversal">
      <![CDATA[java.lang.NoClassDefFoundError: org/w3c/dom/ElementTraversalat java.lang.ClassLoader.defineClass1(Native Method)at java.lang.ClassLoader.defineClass(ClassLoader.java:763)at java.security.SecureClassLoader.defineClass(SecureClassLoader.java:142)at java.net.URLClassLoader.defineClass(URLClassLoader.java:467)at java.net.URLClassLoader.access$100(URLClassLoader.java:73)at java.net.URLClassLoader$1.run(URLClassLoader.java:368)at java.net.URLClassLoader$1.run(URLClassLoader.java:362)at java.security.AccessController.doPrivileged(Native Method)at java.net.URLClassLoader.findClass(URLClassLoader.java:361)at java.lang.ClassLoader.loadClass(ClassLoader.java:424)at sun.misc.Launcher$AppClassLoader.loadClass(Launcher.java:335)at java.lang.ClassLoader.loadClass(ClassLoader.java:357)at org.apache.xerces.parsers.AbstractDOMParser.startDocument(Unknown Source)at org.apache.xerces.impl.dtd.XMLDTDValidator.startDocument(Unknown Source)at org.apache.xerces.impl.XMLDocumentScannerImpl.startEntity(Unknown Source)at org.apache.xerces.impl.XMLVersionDetector.startDocumentParsing(Unknown Source)at org.apache.xerces.parsers.XML11Configuration.parse(Unknown Source)at org.apache.xerces.parsers.XML11Configuration.parse(Unknown Source)at org.apache.xerces.parsers.XMLParser.parse(Unknown Source)at org.apache.xerces.parsers.DOMParser.parse(Unknown Source)at org.apache.xerces.jaxp.DocumentBuilderImpl.parse(Unknown Source)at javax.xml.parsers.DocumentBuilder.parse(DocumentBuilder.java:205)at org.openqa.selenium.firefox.internal.FileExtension.readIdFromInstallRdf(FileExtension.java:98)at org.openqa.selenium.firefox.internal.FileExtension.writeTo(FileExtension.java:61)at org.openqa.selenium.firefox.internal.ClasspathExtension.writeTo(ClasspathExtension.java:64)at org.openqa.selenium.firefox.FirefoxProfile.installExtensions(FirefoxProfile.java:429)at org.openqa.selenium.firefox.FirefoxProfile.layoutOnDisk(FirefoxProfile.java:407)at org.openqa.selenium.firefox.internal.NewProfileExtensionConnection.start(NewProfileExtensionConnection.java:84)at org.openqa.selenium.firefox.FirefoxDriver.startClient(FirefoxDriver.java:332)at org.openqa.selenium.remote.RemoteWebDriver.<init>(RemoteWebDriver.java:119)at org.openqa.selenium.firefox.FirefoxDriver.<init>(FirefoxDriver.java:218)at org.openqa.selenium.firefox.FirefoxDriver.<init>(FirefoxDriver.java:125)at org.openqa.selenium.firefox.FirefoxDriver.<init>(FirefoxDriver.java:121)at com.trushna.EdurekaProject.pages.CommonBrowser.launchBrowser(CommonBrowser.java:24)Caused by: java.lang.ClassNotFoundException: org.w3c.dom.ElementTraversalat java.net.URLClassLoader.findClass(URLClassLoader.java:381)at java.lang.ClassLoader.loadClass(ClassLoader.java:424)at sun.misc.Launcher$AppClassLoader.loadClass(Launcher.java:335)at java.lang.ClassLoader.loadClass(ClassLoader.java:357)... 58 more... Removed 24 stack frames]]>
    </failure>
  </testcase> <!-- @BeforeTest launchBrowser -->
  <testcase name="@BeforeClass URL" time="0.0" classname="com.EdurekaProject.TC1.Action.ValidateCredential">
    <skipped/>
  </testcase> <!-- @BeforeClass URL -->
  <testcase name="validatelogin" time="0.0" classname="com.EdurekaProject.TC1.Action.ValidateCredential">
    <skipped/>
  </testcase> <!-- validatelogin -->
</testsuite> <!-- TCM -->
