<?xml version="1.0" encoding="UTF-8"?>
<!-- Generated by org.testng.reporters.JUnitXMLReporter -->
<testsuite hostname="DESKTOP-HGAM43C" ignored="0" name="Command line test" tests="2" failures="0" timestamp="30 Jan 2018 21:02:31 GMT" time="0.105" errors="0">
  <testcase name="@BeforeTest launchBrowser" time="0.0" classname="com.edureka.test.BaseClass">
    <failure type="org.testng.TestNGException" message="
Parameter &amp;apos;browserType&amp;apos; is required by BeforeTest on method launchBrowser but has not been marked @Optional or defined
">
      <![CDATA[org.testng.TestNGException: Parameter 'browserType' is required by BeforeTest on method launchBrowser but has not been marked @Optional or defined... Removed 31 stack frames]]>
    </failure>
  </testcase> <!-- @BeforeTest launchBrowser -->
  <testcase name="bascTest" time="0.001" classname="com.edureka.test.BasicTest"/>
  <testcase name="login" time="0.0" classname="com.edureka.test.DataProviderTest">
    <skipped/>
  </testcase> <!-- login -->
</testsuite> <!-- Command line test -->
